DEBUG: Loading X from /talos/u/byeo/ai4STEM/run/1.ConvNN_monocrystal/CBED/my_datasets/STEM_monocrystalline_test_x.pkl
DEBUG: Loading y from /talos/u/byeo/ai4STEM/run/1.ConvNN_monocrystal/CBED/my_datasets/STEM_monocrystalline_test_y.pkl
DEBUG: X-shape: (2508, 64, 64, 3)
DEBUG: y-shape: (2508,)
DEBUG: Loading X from /talos/u/byeo/ai4STEM/run/1.ConvNN_monocrystal/CBED/my_datasets/STEM_monocrystalline_test_x.pkl
DEBUG: Loading y from /talos/u/byeo/ai4STEM/run/1.ConvNN_monocrystal/CBED/my_datasets/STEM_monocrystalline_test_y.pkl
DEBUG: X-shape: (2508, 64, 64, 3)
DEBUG: y-shape: (2508,)
INFO: Using the model from Ziletti et al. Nature Communications, vol. 9, pp. 2775 (2018)
INFO: Loading model weights..
INFO: Maximum value in x_train for the 1st image (to check normalization): 1.0
INFO: Loading test dataset for prediction.
DEBUG: x_test shape: (2508, 3, 64, 64)
DEBUG: Test samples: 2508
INFO: Loading and formatting of data completed.
INFO: Predicting...
INFO: Model score: acc 99.96012759170654%
INFO: Confusion matrix, without normalization: 
INFO: [[221   0   0   0   0   0   0   0   0   0   0]
 [  0 227   0   0   0   0   0   0   0   0   0]
 [  0   0 203   0   0   0   0   0   0   0   0]
 [  0   0   0 233   0   0   0   0   0   0   0]
 [  0   0   0   0 209   0   0   0   0   0   0]
 [  0   0   0   0   0 259   0   0   0   0   0]
 [  0   0   0   0   0   0 226   0   0   0   0]
 [  0   0   0   0   0   0   0 245   0   0   0]
 [  0   0   0   0   0   0   0   0 225   0   0]
 [  0   0   1   0   0   0   0   0   0 241   0]
 [  0   0   0   0   0   0   0   0   0   0 218]]
INFO: Predictions written to: /talos/u/byeo/ai4STEM/run/1.ConvNN_monocrystal/CBED/results_folder/results.csv
DEBUG: Confusion matrix, without normalization
INFO: Confusion matrix written to /talos/u/byeo/ai4STEM/run/1.ConvNN_monocrystal/CBED/results_folder/confusion_matrix.png.
